<?xml version="1.0" encoding="UTF-8"?>
<testng-results ignored="0" total="1" passed="1" failed="0" skipped="0">
  <reporter-output>
  </reporter-output>
  <suite started-at="2023-08-05T13:54:05 EDT" name="Default suite" finished-at="2023-08-05T13:54:05 EDT" duration-ms="61">
    <groups>
    </groups>
    <test started-at="2023-08-05T13:54:05 EDT" name="Default test" finished-at="2023-08-05T13:54:05 EDT" duration-ms="61">
      <class name="com.SmokeTest">
        <test-method is-config="true" signature="beforeSuite()[pri:0, instance:com.SmokeTest@78e4deb0]" started-at="2023-08-05T13:54:05 EDT" name="beforeSuite" finished-at="2023-08-05T13:54:05 EDT" duration-ms="17" status="PASS">
          <reporter-output>
          </reporter-output>
        </test-method> <!-- beforeSuite -->
        <test-method is-config="true" signature="beforeTest()[pri:0, instance:com.SmokeTest@78e4deb0]" started-at="2023-08-05T13:54:05 EDT" name="beforeTest" finished-at="2023-08-05T13:54:05 EDT" duration-ms="0" status="PASS">
          <reporter-output>
          </reporter-output>
        </test-method> <!-- beforeTest -->
        <test-method is-config="true" signature="beforeClass()[pri:0, instance:com.SmokeTest@78e4deb0]" started-at="2023-08-05T13:54:05 EDT" name="beforeClass" finished-at="2023-08-05T13:54:05 EDT" duration-ms="0" status="PASS">
          <reporter-output>
          </reporter-output>
        </test-method> <!-- beforeClass -->
        <test-method is-config="true" signature="beforeMethod()[pri:0, instance:com.SmokeTest@78e4deb0]" started-at="2023-08-05T13:54:05 EDT" name="beforeMethod" finished-at="2023-08-05T13:54:05 EDT" duration-ms="1" status="PASS">
          <reporter-output>
          </reporter-output>
        </test-method> <!-- beforeMethod -->
        <test-method signature="assertTest()[pri:0, instance:com.SmokeTest@78e4deb0]" started-at="2023-08-05T13:54:05 EDT" name="assertTest" finished-at="2023-08-05T13:54:05 EDT" duration-ms="17" status="PASS">
          <reporter-output>
          </reporter-output>
        </test-method> <!-- assertTest -->
        <test-method is-config="true" signature="afterMethod()[pri:0, instance:com.SmokeTest@78e4deb0]" started-at="2023-08-05T13:54:05 EDT" name="afterMethod" finished-at="2023-08-05T13:54:05 EDT" duration-ms="1" status="PASS">
          <reporter-output>
          </reporter-output>
        </test-method> <!-- afterMethod -->
        <test-method is-config="true" signature="afterClass()[pri:0, instance:com.SmokeTest@78e4deb0]" started-at="2023-08-05T13:54:05 EDT" name="afterClass" finished-at="2023-08-05T13:54:05 EDT" duration-ms="0" status="PASS">
          <reporter-output>
          </reporter-output>
        </test-method> <!-- afterClass -->
        <test-method is-config="true" signature="afterTest()[pri:0, instance:com.SmokeTest@78e4deb0]" started-at="2023-08-05T13:54:05 EDT" name="afterTest" finished-at="2023-08-05T13:54:05 EDT" duration-ms="0" status="PASS">
          <reporter-output>
          </reporter-output>
        </test-method> <!-- afterTest -->
        <test-method is-config="true" signature="afterSuite()[pri:0, instance:com.SmokeTest@78e4deb0]" started-at="2023-08-05T13:54:05 EDT" name="afterSuite" finished-at="2023-08-05T13:54:05 EDT" duration-ms="1" status="PASS">
          <reporter-output>
          </reporter-output>
        </test-method> <!-- afterSuite -->
      </class> <!-- com.SmokeTest -->
    </test> <!-- Default test -->
  </suite> <!-- Default suite -->
</testng-results>
