<?xml version="1.0" encoding="UTF-8"?>
<!-- Generated by org.testng.reporters.JUnitXMLReporter -->
<testsuite ignored="3" hostname="ShuvoTpad2022" failures="0" tests="1" name="test" time="0.139" errors="0" timestamp="2023-07-29T13:54:44 EDT">
  <testcase classname="com.RegressionTest" name="test3" time="0.01"/>
  <testcase classname="com.RegressionTest" name="test2" time="0.0">
    <ignored/>
  </testcase> <!-- test2 -->
  <testcase classname="com.DbTest" name="f" time="0.0">
    <ignored/>
  </testcase> <!-- f -->
  <testcase classname="com.SmokeTest" name="test1" time="0.0">
    <ignored/>
  </testcase> <!-- test1 -->
</testsuite> <!-- test -->
